<?xml version="1.0" encoding="UTF-8"?>
<!-- Generated by org.testng.reporters.JUnitXMLReporter -->
<testsuite ignored="0" hostname="Shekhar" failures="0" tests="6" name="Test" time="0.101" errors="0" timestamp="2022-08-11T06:13:58 IST">
  <testcase classname="shekharsPro.SeleniumTest" name="browserAutomation" time="0.008"/>
  <testcase classname="shekharsPro.SeleniumTest" name="elementSopUi" time="0.001"/>
  <testcase classname="shekharsPro.RestApiTest" name="deletTwitter" time="0.001"/>
  <testcase classname="shekharsPro.RestApiTest" name="postJira" time="0.001"/>
  <testcase classname="shekharsPro.AppiumTest" name="iOsApp" time="0.0"/>
  <testcase classname="shekharsPro.AppiumTest" name="nativeAndroid" time="0.001"/>
</testsuite> <!-- Test -->
