<?xml version="1.0" encoding="UTF-8"?>
<testng-results ignored="0" total="1" passed="1" failed="0" skipped="0">
  <reporter-output>
  </reporter-output>
  <suite started-at="2022-08-11T06:38:42 IST" name="shekharsPro.SeleniumTest" finished-at="2022-08-11T06:38:53 IST" duration-ms="11316">
    <groups>
    </groups>
    <test started-at="2022-08-11T06:38:42 IST" name="Command line test" finished-at="2022-08-11T06:38:53 IST" duration-ms="11316">
      <class name="shekharsPro.SeleniumTest">
        <test-method signature="browserAutomation()[pri:0, instance:shekharsPro.SeleniumTest@3bbc39f8]" started-at="2022-08-11T06:38:42 IST" name="browserAutomation" finished-at="2022-08-11T06:38:53 IST" duration-ms="11236" status="PASS">
          <reporter-output>
          </reporter-output>
        </test-method> <!-- browserAutomation -->
      </class> <!-- shekharsPro.SeleniumTest -->
    </test> <!-- Command line test -->
  </suite> <!-- shekharsPro.SeleniumTest -->
</testng-results>
